12.11.2021 13:01:43,0586;MES;V-V;Run                 Farmer, wolf, sheep and cabbage have come into life
12.11.2021 13:01:43,0686;MES;V-V;Run                 Now we have a river with a left bank (origin) and a right bank (destination)
12.11.2021 13:01:45,3863;MES;V-V;Run                 

Initialisation finished - gameboard completed. Now let's play!
--------------------------------------------------------------

Press <ANYKEY> to continue...


12.11.2021 13:08:28,6678;MES;V-V;Run                 Farmer, wolf, sheep and cabbage have come into life
12.11.2021 13:08:28,7162;MES;V-V;Run                 Now we have a river with a left bank (origin) and a right bank (destination)
12.11.2021 13:08:28,7239;MES;V-V;Run                 

Initialisation finished - gameboard completed. Now let's play!
--------------------------------------------------------------

Press <ANYKEY> to continue...


12.11.2021 13:15:10,5820;MES;V-V;Run                 Farmer, wolf, sheep and cabbage have come into life
12.11.2021 13:15:10,5890;MES;V-V;Run                 Now we have a river with a left bank (origin) and a right bank (destination)
12.11.2021 13:15:10,5959;MES;V-V;Run                 

Initialisation finished - gameboard completed. Now let's play!
--------------------------------------------------------------

Press <ANYKEY> to continue...


12.11.2021 13:30:28,1949;MES;V-V;Run                 Farmer, wolf, sheep and cabbage have come into life
12.11.2021 13:30:28,2042;MES;V-V;Run                 Now we have a river with a left bank (origin) and a right bank (destination)
12.11.2021 13:30:28,2119;MES;V-V;Run                 

Initialisation finished - gameboard completed. Now let's play!
--------------------------------------------------------------

Press <ANYKEY> to continue...


12.11.2021 13:35:00,2668;MES;V-V;Run                 Farmer, wolf, sheep and cabbage have come into life
12.11.2021 13:35:00,2732;MES;V-V;Run                 Now we have a river with a left bank (origin) and a right bank (destination)
12.11.2021 13:35:00,2799;MES;V-V;Run                 

Initialisation finished - gameboard completed. Now let's play!
--------------------------------------------------------------

Press <ANYKEY> to continue...


12.11.2021 13:50:19,9228;MES;V-V;Run                 Farmer, wolf, sheep and cabbage have come into life
12.11.2021 13:50:19,9310;MES;V-V;Run                 Now we have a river with a left bank (origin) and a right bank (destination)
12.11.2021 13:50:19,9461;MES;V-V;Run                 

Initialisation finished - gameboard completed. Now let's play!
--------------------------------------------------------------

Press <ANYKEY> to continue...


12.11.2021 14:04:13,2488;MES;V-V;Run                 Farmer, wolf, sheep and cabbage have come into life
12.11.2021 14:04:35,4439;MES;V-V;Run                 Now we have a river with a left bank (origin) and a right bank (destination)
12.11.2021 14:04:36,0168;MES;V-V;Run                 

Initialisation finished - gameboard completed. Now let's play!
--------------------------------------------------------------

Press <ANYKEY> to continue...


12.11.2021 14:06:12,7439;MES;V-V;Run                 Farmer, wolf, sheep and cabbage have come into life
12.11.2021 14:06:12,7508;MES;V-V;Run                 Now we have a river with a left bank (origin) and a right bank (destination)
12.11.2021 14:06:12,7552;MES;V-V;Run                 

Initialisation finished - gameboard completed. Now let's play!
--------------------------------------------------------------

Press <ANYKEY> to continue...


12.11.2021 14:10:33,2909;MES;V-V;Run                 Farmer, wolf, sheep and cabbage have come into life
12.11.2021 14:10:33,2999;MES;V-V;Run                 Now we have a river with a left bank (origin) and a right bank (destination)
12.11.2021 14:10:33,3088;MES;V-V;Run                 

Initialisation finished - gameboard completed. Now let's play!
--------------------------------------------------------------

Press <ANYKEY> to continue...


12.11.2021 16:16:26,6151;MES;V-V;Run                 Farmer, wolf, sheep and cabbage have come into life
12.11.2021 16:16:26,6221;MES;V-V;Run                 Now we have a river with a left bank (origin) and a right bank (destination)
12.11.2021 16:16:26,6312;MES;V-V;Run                 

Initialisation finished - gameboard completed. Now let's play!
--------------------------------------------------------------

Press <ANYKEY> to continue...


12.11.2021 16:29:08,7395;MES;V-V;Run                 Farmer, wolf, sheep and cabbage have come into life
12.11.2021 16:29:08,7461;MES;V-V;Run                 Now we have a river with a left bank (origin) and a right bank (destination)
12.11.2021 16:29:08,7534;MES;V-V;Run                 

Initialisation finished - gameboard completed. Now let's play!
--------------------------------------------------------------

Press <ANYKEY> to continue...


12.11.2021 16:29:22,3071;MES;V-V;Run                 trip from 'left bank (origin)' to 'right bank (destination)', passenger: 'sheep'
12.11.2021 16:29:27,8681;MES;V-V;Run                 lifeforms at origin: 'wolf' 'cabbage'
12.11.2021 16:29:31,5473;MES;V-V;Run                 lifeforms at origin: 'wolf' 'cabbage' / lifeforms at destination: 'farmer' 'sheep'
12.11.2021 16:30:48,6143;MES;V-V;Run                 Farmer, wolf, sheep and cabbage have come into life
12.11.2021 16:30:48,6222;MES;V-V;Run                 Now we have a river with a left bank (origin) and a right bank (destination)
12.11.2021 16:30:48,6276;MES;V-V;Run                 

Initialisation finished - gameboard completed. Now let's play!
--------------------------------------------------------------

Press <ANYKEY> to continue...


12.11.2021 16:30:50,2674;MES;V-V;Run                 trip from 'left bank (origin)' to 'right bank (destination)', passenger: 'sheep'
12.11.2021 16:32:41,5206;MES;V-V;Run                 Farmer, wolf, sheep and cabbage have come into life
12.11.2021 16:32:41,5315;MES;V-V;Run                 Now we have a river with a left bank (origin) and a right bank (destination)
12.11.2021 16:32:41,5384;MES;V-V;Run                 

Initialisation finished - gameboard completed. Now let's play!
--------------------------------------------------------------

Press <ANYKEY> to continue...


12.11.2021 16:32:43,6117;MES;V-V;Run                 trip from 'left bank (origin)' to 'right bank (destination)', passenger: 'sheep'
12.11.2021 16:32:46,4265;MES;V-V;Run                 trip from 'right bank (destination)' to 'left bank (origin)', empty boat
12.11.2021 16:32:56,4505;MES;V-V;Run                 trip from 'left bank (origin)' to 'right bank (destination)', passenger: 'wolf'
12.11.2021 16:33:11,1213;MES;V-V;Run                 trip from 'right bank (destination)' to 'left bank (origin)', passenger: 'sheep'
12.11.2021 16:33:20,7531;MES;V-V;Run                 trip from 'left bank (origin)' to 'right bank (destination)', passenger: 'cabbage'
12.11.2021 16:33:28,8412;MES;V-V;Run                 trip from 'right bank (destination)' to 'left bank (origin)', empty boat
12.11.2021 16:33:35,7422;MES;V-V;Run                 trip from 'left bank (origin)' to 'right bank (destination)', passenger: 'sheep'
12.11.2021 16:43:35,0039;MES;V-V;Run                 Farmer, wolf, sheep and cabbage have come into life
12.11.2021 16:43:35,0097;MES;V-V;Run                 Now we have a river with a left bank (origin) and a right bank (destination)
12.11.2021 16:43:35,0140;MES;V-V;Run                 

Initialisation finished - gameboard completed. Now let's play!
--------------------------------------------------------------

Press <ANYKEY> to continue...


12.11.2021 16:43:39,2277;MES;V-V;Run                 'left bank (origin)' => 'right bank (destination)': 'sheep'
12.11.2021 16:43:39,2327;MES;V-V;Run                 'right bank (destination)' => 'left bank (origin)': empty
12.11.2021 16:43:39,2411;MES;V-V;Run                 'left bank (origin)' => 'right bank (destination)': 'wolf'
12.11.2021 16:43:39,2501;MES;V-V;Run                 'right bank (destination)' => 'left bank (origin)': 'sheep'
12.11.2021 16:43:39,2568;MES;V-V;Run                 'left bank (origin)' => 'right bank (destination)': 'cabbage'
12.11.2021 16:43:39,2728;MES;V-V;Run                 'right bank (destination)' => 'left bank (origin)': empty
12.11.2021 16:43:39,2818;MES;V-V;Run                 'left bank (origin)' => 'right bank (destination)': 'sheep'
12.11.2021 16:43:39,2877;MES;V-V;Run                 

All attendees are at destination - game finished!
-------------------------------------------------

Press <ANYKEY> to continue...


