07.11.2021 08:06:32,4631;MES;V-V;Run                 Farmer, sheep and cabbage instanciated
07.11.2021 08:06:34,5843;MES;V-V;Run                 Left and right bank of the river instanciated
07.11.2021 08:06:35,0925;MES;V-V;Run                 

Initialisation finished
-----------------------

Press <ANYKEY> to continue...


07.11.2021 08:36:36,1736;MES;V-V;Run                 Farmer, sheep and cabbage instanciated
07.11.2021 08:36:36,1895;MES;V-V;Run                 Left and right bank of the river instanciated
07.11.2021 08:36:36,1895;MES;V-V;Run                 

Initialisation finished
-----------------------

Press <ANYKEY> to continue...


07.11.2021 08:38:00,8338;MES;V-V;Run                 Farmer, sheep and cabbage instanciated
07.11.2021 08:38:00,8492;MES;V-V;Run                 Left and right bank of the river instanciated
07.11.2021 08:38:00,8492;MES;V-V;Run                 

Initialisation finished
-----------------------

Press <ANYKEY> to continue...


07.11.2021 08:42:53,2991;MES;V-V;Run                 Farmer, sheep and cabbage instanciated
07.11.2021 08:42:53,2991;MES;V-V;Run                 Left and right bank of the river instanciated
07.11.2021 08:42:53,3148;MES;V-V;Run                 

Initialisation finished
-----------------------

Press <ANYKEY> to continue...


07.11.2021 10:02:34,1218;MES;V-V;Run                 Farmer, sheep and cabbage instanciated
07.11.2021 10:02:34,1857;MES;V-V;Run                 Left and right bank of the river instanciated
07.11.2021 10:02:34,1982;MES;V-V;Run                 

Initialisation finished
-----------------------

Press <ANYKEY> to continue...


07.11.2021 10:41:33,2833;MES;V-V;Run                 Farmer, sheep and cabbage instanciated
07.11.2021 10:41:33,2946;MES;V-V;Run                 Left and right bank of the river instanciated
07.11.2021 10:41:33,3012;MES;V-V;Run                 

Initialisation finished
-----------------------

Press <ANYKEY> to continue...


07.11.2021 10:45:53,2893;MES;V-V;Run                 Farmer, sheep and cabbage instanciated
07.11.2021 10:45:53,2992;MES;V-V;Run                 Left and right bank of the river instanciated
07.11.2021 10:45:53,3295;MES;V-V;Run                 

Initialisation finished
-----------------------

Press <ANYKEY> to continue...


07.11.2021 10:50:18,4953;MES;V-V;Run                 Farmer, sheep and cabbage instanciated
07.11.2021 10:50:18,5048;MES;V-V;Run                 Left and right bank of the river instanciated
07.11.2021 10:50:18,5110;MES;V-V;Run                 

Initialisation finished
-----------------------

Press <ANYKEY> to continue...


07.11.2021 11:25:36,7877;MES;V-V;Run                 Farmer, sheep and cabbage instanciated
07.11.2021 11:25:36,7960;MES;V-V;Run                 Left and right bank of the river instanciated
07.11.2021 11:25:36,8015;MES;V-V;Run                 

Initialisation finished
-----------------------

Press <ANYKEY> to continue...


07.11.2021 11:38:29,8980;MES;V-V;Run                 Farmer, sheep and cabbage instanciated
07.11.2021 11:38:29,9089;MES;V-V;Run                 Left and right bank of the river instanciated
07.11.2021 11:38:29,9150;MES;V-V;Run                 

Initialisation finished
-----------------------

Press <ANYKEY> to continue...


07.11.2021 11:45:33,1589;MES;V-V;Run                 Farmer, sheep and cabbage instanciated
07.11.2021 11:45:33,1669;MES;V-V;Run                 Left and right bank of the river instanciated
07.11.2021 11:45:33,1720;MES;V-V;Run                 

Initialisation finished
-----------------------

Press <ANYKEY> to continue...


07.11.2021 12:33:30,4024;MES;V-V;Run                 Farmer, sheep and cabbage instanciated
07.11.2021 12:33:30,4107;MES;V-V;Run                 Left and right bank of the river instanciated
07.11.2021 12:33:30,4172;MES;V-V;Run                 

Initialisation finished
-----------------------

Press <ANYKEY> to continue...


07.11.2021 12:39:27,1358;MES;V-V;Run                 Farmer, sheep and cabbage instanciated
07.11.2021 12:39:27,1448;MES;V-V;Run                 Left and right bank of the river instanciated
07.11.2021 12:39:27,1537;MES;V-V;Run                 

Initialisation finished
-----------------------

Press <ANYKEY> to continue...


07.11.2021 12:48:25,2888;MES;V-V;Run                 Farmer, sheep and cabbage instanciated
07.11.2021 12:48:25,2967;MES;V-V;Run                 Left and right bank of the river instanciated
07.11.2021 12:48:25,3061;MES;V-V;Run                 

Initialisation finished
-----------------------

Press <ANYKEY> to continue...


07.11.2021 12:51:38,3137;MES;V-V;Run                 Farmer, sheep and cabbage instanciated
07.11.2021 12:51:38,3268;MES;V-V;Run                 Left and right bank of the river instanciated
07.11.2021 12:51:38,3359;MES;V-V;Run                 

Initialisation finished
-----------------------

Press <ANYKEY> to continue...


07.11.2021 12:52:12,6527;MES;V-V;Run                 Farmer, sheep and cabbage instanciated
07.11.2021 12:52:12,6607;MES;V-V;Run                 Left and right bank of the river instanciated
07.11.2021 12:52:12,6678;MES;V-V;Run                 

Initialisation finished
-----------------------

Press <ANYKEY> to continue...


07.11.2021 12:52:41,6229;MES;V-V;Run                 Farmer, sheep and cabbage instanciated
07.11.2021 12:52:41,6309;MES;V-V;Run                 Left and right bank of the river instanciated
07.11.2021 12:52:41,6428;MES;V-V;Run                 

Initialisation finished
-----------------------

Press <ANYKEY> to continue...


07.11.2021 12:57:31,0448;MES;V-V;Run                 Farmer, sheep and cabbage instanciated
07.11.2021 12:57:31,0527;MES;V-V;Run                 Left and right bank of the river instanciated
07.11.2021 12:57:31,0589;MES;V-V;Run                 

Initialisation finished
-----------------------

Press <ANYKEY> to continue...


