05.11.2021 09:23:27,4043;MES;V-V;Init                Farmer, sheep and cabbage instanciated
05.11.2021 09:23:31,6392;MES;V-V;Init                Left and right bank of the river instanciated
05.11.2021 09:29:23,0394;MES;V-V;Init                Farmer, sheep and cabbage instanciated
05.11.2021 09:29:23,0552;MES;V-V;Init                Left and right bank of the river instanciated
05.11.2021 09:29:23,0707;MES;V-V;Init                Press <ANYKEY> to continue...
05.11.2021 09:29:53,5188;MES;V-V;Init                Farmer, sheep and cabbage instanciated
05.11.2021 09:29:53,5354;MES;V-V;Init                Left and right bank of the river instanciated
05.11.2021 09:29:53,5501;MES;V-V;Init                


Press <ANYKEY> to continue...

05.11.2021 09:30:13,4223;MES;V-V;Init                Farmer, sheep and cabbage instanciated
05.11.2021 09:30:13,4223;MES;V-V;Init                Left and right bank of the river instanciated
05.11.2021 09:30:13,4379;MES;V-V;Init                

Press <ANYKEY> to continue...


05.11.2021 09:36:58,3403;MES;V-V;Init                Farmer, sheep and cabbage instanciated
05.11.2021 09:36:58,3563;MES;V-V;Init                Left and right bank of the river instanciated
05.11.2021 09:36:58,3563;MES;V-V;Init                

Press <ANYKEY> to continue...


05.11.2021 09:37:24,2937;MES;V-V;Init                Farmer, sheep and cabbage instanciated
05.11.2021 09:37:24,3091;MES;V-V;Init                Left and right bank of the river instanciated
05.11.2021 09:37:24,3246;MES;V-V;Init                

Initialisation finished
-----------------------------
Press <ANYKEY> to continue...


05.11.2021 09:38:05,2002;MES;V-V;Init                Farmer, sheep and cabbage instanciated
05.11.2021 09:38:05,2156;MES;V-V;Init                Left and right bank of the river instanciated
05.11.2021 09:38:05,2312;MES;V-V;Init                

Initialisation finished
-----------------------
Press <ANYKEY> to continue...


05.11.2021 09:38:36,4208;MES;V-V;Init                Farmer, sheep and cabbage instanciated
05.11.2021 09:38:36,4208;MES;V-V;Init                Left and right bank of the river instanciated
05.11.2021 09:38:36,4366;MES;V-V;Init                

Press <ANYKEY> to continue...


05.11.2021 09:38:46,4059;MES;V-V;Init                Farmer, sheep and cabbage instanciated
05.11.2021 09:38:46,4214;MES;V-V;Init                Left and right bank of the river instanciated
05.11.2021 09:38:46,4214;MES;V-V;Init                

Initialisation finished
-----------------------

Press <ANYKEY> to continue...


05.11.2021 16:23:09,6971;MES;V-V;Run                 Farmer, sheep and cabbage instanciated
05.11.2021 16:23:09,7128;MES;V-V;Run                 Left and right bank of the river instanciated
05.11.2021 16:23:09,7128;MES;V-V;Run                 

Initialisation finished
-----------------------

Press <ANYKEY> to continue...


05.11.2021 16:23:59,1216;MES;V-V;Run                 Farmer, sheep and cabbage instanciated
05.11.2021 16:23:59,1216;MES;V-V;Run                 Left and right bank of the river instanciated
05.11.2021 16:23:59,1370;MES;V-V;Run                 

Initialisation finished
-----------------------

Press <ANYKEY> to continue...


05.11.2021 16:34:21,7509;MES;V-V;Run                 Farmer, sheep and cabbage instanciated
05.11.2021 16:34:21,7509;MES;V-V;Run                 Left and right bank of the river instanciated
05.11.2021 16:34:21,7668;MES;V-V;Run                 

Initialisation finished
-----------------------

Press <ANYKEY> to continue...


05.11.2021 16:51:26,5610;MES;V-V;Run                 Farmer, sheep and cabbage instanciated
05.11.2021 16:51:26,5750;MES;V-V;Run                 Left and right bank of the river instanciated
05.11.2021 16:51:26,5750;MES;V-V;Run                 

Initialisation finished
-----------------------

Press <ANYKEY> to continue...


05.11.2021 16:52:55,7139;MES;V-V;Run                 Farmer, sheep and cabbage instanciated
05.11.2021 16:52:55,7294;MES;V-V;Run                 Left and right bank of the river instanciated
05.11.2021 16:52:55,7443;MES;V-V;Run                 

Initialisation finished
-----------------------

Press <ANYKEY> to continue...


05.11.2021 18:27:30,8739;MES;V-V;Run                 Farmer, sheep and cabbage instanciated
05.11.2021 18:27:30,8899;MES;V-V;Run                 Left and right bank of the river instanciated
05.11.2021 18:27:30,8899;MES;V-V;Run                 

Initialisation finished
-----------------------

Press <ANYKEY> to continue...


05.11.2021 18:36:00,3633;MES;V-V;Run                 Farmer, sheep and cabbage instanciated
05.11.2021 18:36:00,3809;MES;V-V;Run                 Left and right bank of the river instanciated
05.11.2021 18:36:00,3809;MES;V-V;Run                 

Initialisation finished
-----------------------

Press <ANYKEY> to continue...


